c:\users\вова\documents\мой код\game_romb\game_romb\debug\vc140.pdb
c:\users\вова\documents\мой код\game_romb\game_romb\debug\vc140.idb
c:\users\вова\documents\мой код\game_romb\game_romb\debug\entity.nativecodeanalysis.xml
c:\users\вова\documents\мой код\game_romb\game_romb\debug\figure.nativecodeanalysis.xml
c:\users\вова\documents\мой код\game_romb\game_romb\debug\manager_game.nativecodeanalysis.xml
c:\users\вова\documents\мой код\game_romb\game_romb\debug\player.nativecodeanalysis.xml
c:\users\вова\documents\мой код\game_romb\game_romb\debug\renderer.nativecodeanalysis.xml
c:\users\вова\documents\мой код\game_romb\game_romb\debug\source.nativecodeanalysis.xml
c:\users\вова\documents\мой код\game_romb\game_romb\debug\table.nativecodeanalysis.xml
c:\users\вова\documents\мой код\game_romb\game_romb\debug\table.obj
c:\users\вова\documents\мой код\game_romb\game_romb\debug\source.obj
c:\users\вова\documents\мой код\game_romb\game_romb\debug\renderer.obj
c:\users\вова\documents\мой код\game_romb\game_romb\debug\player.obj
c:\users\вова\documents\мой код\game_romb\game_romb\debug\manager_game.obj
c:\users\вова\documents\мой код\game_romb\game_romb\debug\figure.obj
c:\users\вова\documents\мой код\game_romb\game_romb\debug\entity.obj
c:\users\вова\documents\мой код\game_romb\debug\game_romb.ilk
c:\users\вова\documents\мой код\game_romb\debug\game_romb.exe
c:\users\вова\documents\мой код\game_romb\debug\game_romb.pdb
c:\users\вова\documents\мой код\game_romb\game_romb\debug\nativecodeanalysis.read.1.tlog
c:\users\вова\documents\мой код\game_romb\game_romb\debug\vc.nativecodeanalysis.all.xml
c:\users\вова\documents\мой код\game_romb\debug\game_romb.exe.lastcodeanalysissucceeded
c:\users\вова\documents\мой код\game_romb\game_romb\debug\game_romb.tlog\cl.command.1.tlog
c:\users\вова\documents\мой код\game_romb\game_romb\debug\game_romb.tlog\cl.read.1.tlog
c:\users\вова\documents\мой код\game_romb\game_romb\debug\game_romb.tlog\cl.write.1.tlog
c:\users\вова\documents\мой код\game_romb\game_romb\debug\game_romb.tlog\link.command.1.tlog
c:\users\вова\documents\мой код\game_romb\game_romb\debug\game_romb.tlog\link.read.1.tlog
c:\users\вова\documents\мой код\game_romb\game_romb\debug\game_romb.tlog\link.write.1.tlog
