d:\мой код\game_c++_2019\game_c++_2019\debug\vc142.pdb
d:\мой код\game_c++_2019\game_c++_2019\debug\vc142.idb
d:\мой код\game_c++_2019\game_c++_2019\debug\source.obj
d:\мой код\game_c++_2019\debug\game_c++_2019.exe
d:\мой код\game_c++_2019\debug\game_c++_2019.pdb
d:\мой код\game_c++_2019\game_c++_2019\debug\game_c++_2019.tlog\cl.command.1.tlog
d:\мой код\game_c++_2019\game_c++_2019\debug\game_c++_2019.tlog\cl.read.1.tlog
d:\мой код\game_c++_2019\game_c++_2019\debug\game_c++_2019.tlog\cl.write.1.tlog
d:\мой код\game_c++_2019\game_c++_2019\debug\game_c++_2019.tlog\link.10116.delete.1.tlog
d:\мой код\game_c++_2019\game_c++_2019\debug\game_c++_2019.tlog\link.10352.delete.1.tlog
d:\мой код\game_c++_2019\game_c++_2019\debug\game_c++_2019.tlog\link.10448.delete.1.tlog
d:\мой код\game_c++_2019\game_c++_2019\debug\game_c++_2019.tlog\link.10464.delete.1.tlog
d:\мой код\game_c++_2019\game_c++_2019\debug\game_c++_2019.tlog\link.10468.delete.1.tlog
d:\мой код\game_c++_2019\game_c++_2019\debug\game_c++_2019.tlog\link.10496.delete.1.tlog
d:\мой код\game_c++_2019\game_c++_2019\debug\game_c++_2019.tlog\link.10840.delete.1.tlog
d:\мой код\game_c++_2019\game_c++_2019\debug\game_c++_2019.tlog\link.10848.delete.1.tlog
d:\мой код\game_c++_2019\game_c++_2019\debug\game_c++_2019.tlog\link.10888.delete.1.tlog
d:\мой код\game_c++_2019\game_c++_2019\debug\game_c++_2019.tlog\link.10900.delete.1.tlog
d:\мой код\game_c++_2019\game_c++_2019\debug\game_c++_2019.tlog\link.10952.delete.1.tlog
d:\мой код\game_c++_2019\game_c++_2019\debug\game_c++_2019.tlog\link.11032.delete.1.tlog
d:\мой код\game_c++_2019\game_c++_2019\debug\game_c++_2019.tlog\link.11076.delete.1.tlog
d:\мой код\game_c++_2019\game_c++_2019\debug\game_c++_2019.tlog\link.11080.delete.1.tlog
d:\мой код\game_c++_2019\game_c++_2019\debug\game_c++_2019.tlog\link.11108.delete.1.tlog
d:\мой код\game_c++_2019\game_c++_2019\debug\game_c++_2019.tlog\link.11228.delete.1.tlog
d:\мой код\game_c++_2019\game_c++_2019\debug\game_c++_2019.tlog\link.11360.delete.1.tlog
d:\мой код\game_c++_2019\game_c++_2019\debug\game_c++_2019.tlog\link.11480.delete.1.tlog
d:\мой код\game_c++_2019\game_c++_2019\debug\game_c++_2019.tlog\link.11556.delete.1.tlog
d:\мой код\game_c++_2019\game_c++_2019\debug\game_c++_2019.tlog\link.11560.delete.1.tlog
d:\мой код\game_c++_2019\game_c++_2019\debug\game_c++_2019.tlog\link.11636.delete.1.tlog
d:\мой код\game_c++_2019\game_c++_2019\debug\game_c++_2019.tlog\link.11640.delete.1.tlog
d:\мой код\game_c++_2019\game_c++_2019\debug\game_c++_2019.tlog\link.11644.delete.1.tlog
d:\мой код\game_c++_2019\game_c++_2019\debug\game_c++_2019.tlog\link.11704.delete.1.tlog
d:\мой код\game_c++_2019\game_c++_2019\debug\game_c++_2019.tlog\link.11712.delete.1.tlog
d:\мой код\game_c++_2019\game_c++_2019\debug\game_c++_2019.tlog\link.11728.delete.1.tlog
d:\мой код\game_c++_2019\game_c++_2019\debug\game_c++_2019.tlog\link.11768.delete.1.tlog
d:\мой код\game_c++_2019\game_c++_2019\debug\game_c++_2019.tlog\link.11776.delete.1.tlog
d:\мой код\game_c++_2019\game_c++_2019\debug\game_c++_2019.tlog\link.11788.delete.1.tlog
d:\мой код\game_c++_2019\game_c++_2019\debug\game_c++_2019.tlog\link.11816.delete.1.tlog
d:\мой код\game_c++_2019\game_c++_2019\debug\game_c++_2019.tlog\link.11844.delete.1.tlog
d:\мой код\game_c++_2019\game_c++_2019\debug\game_c++_2019.tlog\link.11864.delete.1.tlog
d:\мой код\game_c++_2019\game_c++_2019\debug\game_c++_2019.tlog\link.11908.delete.1.tlog
d:\мой код\game_c++_2019\game_c++_2019\debug\game_c++_2019.tlog\link.12068.delete.1.tlog
d:\мой код\game_c++_2019\game_c++_2019\debug\game_c++_2019.tlog\link.12108.delete.1.tlog
d:\мой код\game_c++_2019\game_c++_2019\debug\game_c++_2019.tlog\link.12140.delete.1.tlog
d:\мой код\game_c++_2019\game_c++_2019\debug\game_c++_2019.tlog\link.12228.delete.1.tlog
d:\мой код\game_c++_2019\game_c++_2019\debug\game_c++_2019.tlog\link.12260.delete.1.tlog
d:\мой код\game_c++_2019\game_c++_2019\debug\game_c++_2019.tlog\link.12312.delete.1.tlog
d:\мой код\game_c++_2019\game_c++_2019\debug\game_c++_2019.tlog\link.12324.delete.1.tlog
d:\мой код\game_c++_2019\game_c++_2019\debug\game_c++_2019.tlog\link.12340.delete.1.tlog
d:\мой код\game_c++_2019\game_c++_2019\debug\game_c++_2019.tlog\link.12388.delete.1.tlog
d:\мой код\game_c++_2019\game_c++_2019\debug\game_c++_2019.tlog\link.12400.delete.1.tlog
d:\мой код\game_c++_2019\game_c++_2019\debug\game_c++_2019.tlog\link.12484.delete.1.tlog
d:\мой код\game_c++_2019\game_c++_2019\debug\game_c++_2019.tlog\link.12532.delete.1.tlog
d:\мой код\game_c++_2019\game_c++_2019\debug\game_c++_2019.tlog\link.1256.delete.1.tlog
d:\мой код\game_c++_2019\game_c++_2019\debug\game_c++_2019.tlog\link.12568.delete.1.tlog
d:\мой код\game_c++_2019\game_c++_2019\debug\game_c++_2019.tlog\link.12588.delete.1.tlog
d:\мой код\game_c++_2019\game_c++_2019\debug\game_c++_2019.tlog\link.12632.delete.1.tlog
d:\мой код\game_c++_2019\game_c++_2019\debug\game_c++_2019.tlog\link.12640.delete.1.tlog
d:\мой код\game_c++_2019\game_c++_2019\debug\game_c++_2019.tlog\link.12684.delete.1.tlog
d:\мой код\game_c++_2019\game_c++_2019\debug\game_c++_2019.tlog\link.1272.delete.1.tlog
d:\мой код\game_c++_2019\game_c++_2019\debug\game_c++_2019.tlog\link.12748.delete.1.tlog
d:\мой код\game_c++_2019\game_c++_2019\debug\game_c++_2019.tlog\link.12760.delete.1.tlog
d:\мой код\game_c++_2019\game_c++_2019\debug\game_c++_2019.tlog\link.12768.delete.1.tlog
d:\мой код\game_c++_2019\game_c++_2019\debug\game_c++_2019.tlog\link.12832.delete.1.tlog
d:\мой код\game_c++_2019\game_c++_2019\debug\game_c++_2019.tlog\link.12848.delete.1.tlog
d:\мой код\game_c++_2019\game_c++_2019\debug\game_c++_2019.tlog\link.12868.delete.1.tlog
d:\мой код\game_c++_2019\game_c++_2019\debug\game_c++_2019.tlog\link.12912.delete.1.tlog
d:\мой код\game_c++_2019\game_c++_2019\debug\game_c++_2019.tlog\link.12956.delete.1.tlog
d:\мой код\game_c++_2019\game_c++_2019\debug\game_c++_2019.tlog\link.12972.delete.1.tlog
d:\мой код\game_c++_2019\game_c++_2019\debug\game_c++_2019.tlog\link.13028.delete.1.tlog
d:\мой код\game_c++_2019\game_c++_2019\debug\game_c++_2019.tlog\link.13036.delete.1.tlog
d:\мой код\game_c++_2019\game_c++_2019\debug\game_c++_2019.tlog\link.13064.delete.1.tlog
d:\мой код\game_c++_2019\game_c++_2019\debug\game_c++_2019.tlog\link.13092.delete.1.tlog
d:\мой код\game_c++_2019\game_c++_2019\debug\game_c++_2019.tlog\link.13100.delete.1.tlog
d:\мой код\game_c++_2019\game_c++_2019\debug\game_c++_2019.tlog\link.13136.delete.1.tlog
d:\мой код\game_c++_2019\game_c++_2019\debug\game_c++_2019.tlog\link.13184.delete.1.tlog
d:\мой код\game_c++_2019\game_c++_2019\debug\game_c++_2019.tlog\link.13188.delete.1.tlog
d:\мой код\game_c++_2019\game_c++_2019\debug\game_c++_2019.tlog\link.13288.delete.1.tlog
d:\мой код\game_c++_2019\game_c++_2019\debug\game_c++_2019.tlog\link.13292.delete.1.tlog
d:\мой код\game_c++_2019\game_c++_2019\debug\game_c++_2019.tlog\link.13492.delete.1.tlog
d:\мой код\game_c++_2019\game_c++_2019\debug\game_c++_2019.tlog\link.13504.delete.1.tlog
d:\мой код\game_c++_2019\game_c++_2019\debug\game_c++_2019.tlog\link.13536.delete.1.tlog
d:\мой код\game_c++_2019\game_c++_2019\debug\game_c++_2019.tlog\link.13608.delete.1.tlog
d:\мой код\game_c++_2019\game_c++_2019\debug\game_c++_2019.tlog\link.1364.delete.1.tlog
d:\мой код\game_c++_2019\game_c++_2019\debug\game_c++_2019.tlog\link.13724.delete.1.tlog
d:\мой код\game_c++_2019\game_c++_2019\debug\game_c++_2019.tlog\link.14000.delete.1.tlog
d:\мой код\game_c++_2019\game_c++_2019\debug\game_c++_2019.tlog\link.14216.delete.1.tlog
d:\мой код\game_c++_2019\game_c++_2019\debug\game_c++_2019.tlog\link.14244.delete.1.tlog
d:\мой код\game_c++_2019\game_c++_2019\debug\game_c++_2019.tlog\link.14260.delete.1.tlog
d:\мой код\game_c++_2019\game_c++_2019\debug\game_c++_2019.tlog\link.14392.delete.1.tlog
d:\мой код\game_c++_2019\game_c++_2019\debug\game_c++_2019.tlog\link.14452.delete.1.tlog
d:\мой код\game_c++_2019\game_c++_2019\debug\game_c++_2019.tlog\link.1448.delete.1.tlog
d:\мой код\game_c++_2019\game_c++_2019\debug\game_c++_2019.tlog\link.14508.delete.1.tlog
d:\мой код\game_c++_2019\game_c++_2019\debug\game_c++_2019.tlog\link.14632.delete.1.tlog
d:\мой код\game_c++_2019\game_c++_2019\debug\game_c++_2019.tlog\link.14656.delete.1.tlog
d:\мой код\game_c++_2019\game_c++_2019\debug\game_c++_2019.tlog\link.14928.delete.1.tlog
d:\мой код\game_c++_2019\game_c++_2019\debug\game_c++_2019.tlog\link.15164.delete.1.tlog
d:\мой код\game_c++_2019\game_c++_2019\debug\game_c++_2019.tlog\link.1520.delete.1.tlog
d:\мой код\game_c++_2019\game_c++_2019\debug\game_c++_2019.tlog\link.15228.delete.1.tlog
d:\мой код\game_c++_2019\game_c++_2019\debug\game_c++_2019.tlog\link.1552.delete.1.tlog
d:\мой код\game_c++_2019\game_c++_2019\debug\game_c++_2019.tlog\link.1556.delete.1.tlog
d:\мой код\game_c++_2019\game_c++_2019\debug\game_c++_2019.tlog\link.1604.delete.1.tlog
d:\мой код\game_c++_2019\game_c++_2019\debug\game_c++_2019.tlog\link.1620.delete.1.tlog
d:\мой код\game_c++_2019\game_c++_2019\debug\game_c++_2019.tlog\link.1732.delete.1.tlog
d:\мой код\game_c++_2019\game_c++_2019\debug\game_c++_2019.tlog\link.1744.delete.1.tlog
d:\мой код\game_c++_2019\game_c++_2019\debug\game_c++_2019.tlog\link.1760.delete.1.tlog
d:\мой код\game_c++_2019\game_c++_2019\debug\game_c++_2019.tlog\link.2008.delete.1.tlog
d:\мой код\game_c++_2019\game_c++_2019\debug\game_c++_2019.tlog\link.2012.delete.1.tlog
d:\мой код\game_c++_2019\game_c++_2019\debug\game_c++_2019.tlog\link.208.delete.1.tlog
d:\мой код\game_c++_2019\game_c++_2019\debug\game_c++_2019.tlog\link.212.delete.1.tlog
d:\мой код\game_c++_2019\game_c++_2019\debug\game_c++_2019.tlog\link.228.delete.1.tlog
d:\мой код\game_c++_2019\game_c++_2019\debug\game_c++_2019.tlog\link.236.delete.1.tlog
d:\мой код\game_c++_2019\game_c++_2019\debug\game_c++_2019.tlog\link.2460.delete.1.tlog
d:\мой код\game_c++_2019\game_c++_2019\debug\game_c++_2019.tlog\link.2496.delete.1.tlog
d:\мой код\game_c++_2019\game_c++_2019\debug\game_c++_2019.tlog\link.2508.delete.1.tlog
d:\мой код\game_c++_2019\game_c++_2019\debug\game_c++_2019.tlog\link.2704.delete.1.tlog
d:\мой код\game_c++_2019\game_c++_2019\debug\game_c++_2019.tlog\link.2764.delete.1.tlog
d:\мой код\game_c++_2019\game_c++_2019\debug\game_c++_2019.tlog\link.2888.delete.1.tlog
d:\мой код\game_c++_2019\game_c++_2019\debug\game_c++_2019.tlog\link.2892.delete.1.tlog
d:\мой код\game_c++_2019\game_c++_2019\debug\game_c++_2019.tlog\link.2984.delete.1.tlog
d:\мой код\game_c++_2019\game_c++_2019\debug\game_c++_2019.tlog\link.3152.delete.1.tlog
d:\мой код\game_c++_2019\game_c++_2019\debug\game_c++_2019.tlog\link.3324.delete.1.tlog
d:\мой код\game_c++_2019\game_c++_2019\debug\game_c++_2019.tlog\link.3368.delete.1.tlog
d:\мой код\game_c++_2019\game_c++_2019\debug\game_c++_2019.tlog\link.3376.delete.1.tlog
d:\мой код\game_c++_2019\game_c++_2019\debug\game_c++_2019.tlog\link.3456.delete.1.tlog
d:\мой код\game_c++_2019\game_c++_2019\debug\game_c++_2019.tlog\link.3496.delete.1.tlog
d:\мой код\game_c++_2019\game_c++_2019\debug\game_c++_2019.tlog\link.3544.delete.1.tlog
d:\мой код\game_c++_2019\game_c++_2019\debug\game_c++_2019.tlog\link.3552.delete.1.tlog
d:\мой код\game_c++_2019\game_c++_2019\debug\game_c++_2019.tlog\link.3604.delete.1.tlog
d:\мой код\game_c++_2019\game_c++_2019\debug\game_c++_2019.tlog\link.3616.delete.1.tlog
d:\мой код\game_c++_2019\game_c++_2019\debug\game_c++_2019.tlog\link.3640.delete.1.tlog
d:\мой код\game_c++_2019\game_c++_2019\debug\game_c++_2019.tlog\link.3672.delete.1.tlog
d:\мой код\game_c++_2019\game_c++_2019\debug\game_c++_2019.tlog\link.3720.delete.1.tlog
d:\мой код\game_c++_2019\game_c++_2019\debug\game_c++_2019.tlog\link.380.delete.1.tlog
d:\мой код\game_c++_2019\game_c++_2019\debug\game_c++_2019.tlog\link.3844.delete.1.tlog
d:\мой код\game_c++_2019\game_c++_2019\debug\game_c++_2019.tlog\link.3996.delete.1.tlog
d:\мой код\game_c++_2019\game_c++_2019\debug\game_c++_2019.tlog\link.4016.delete.1.tlog
d:\мой код\game_c++_2019\game_c++_2019\debug\game_c++_2019.tlog\link.4196.delete.1.tlog
d:\мой код\game_c++_2019\game_c++_2019\debug\game_c++_2019.tlog\link.4200.delete.1.tlog
d:\мой код\game_c++_2019\game_c++_2019\debug\game_c++_2019.tlog\link.4376.delete.1.tlog
d:\мой код\game_c++_2019\game_c++_2019\debug\game_c++_2019.tlog\link.4480.delete.1.tlog
d:\мой код\game_c++_2019\game_c++_2019\debug\game_c++_2019.tlog\link.4536.delete.1.tlog
d:\мой код\game_c++_2019\game_c++_2019\debug\game_c++_2019.tlog\link.4568.delete.1.tlog
d:\мой код\game_c++_2019\game_c++_2019\debug\game_c++_2019.tlog\link.4588.delete.1.tlog
d:\мой код\game_c++_2019\game_c++_2019\debug\game_c++_2019.tlog\link.4612.delete.1.tlog
d:\мой код\game_c++_2019\game_c++_2019\debug\game_c++_2019.tlog\link.4736.delete.1.tlog
d:\мой код\game_c++_2019\game_c++_2019\debug\game_c++_2019.tlog\link.4796.delete.1.tlog
d:\мой код\game_c++_2019\game_c++_2019\debug\game_c++_2019.tlog\link.4908.delete.1.tlog
d:\мой код\game_c++_2019\game_c++_2019\debug\game_c++_2019.tlog\link.4932.delete.1.tlog
d:\мой код\game_c++_2019\game_c++_2019\debug\game_c++_2019.tlog\link.4968.delete.1.tlog
d:\мой код\game_c++_2019\game_c++_2019\debug\game_c++_2019.tlog\link.5012.delete.1.tlog
d:\мой код\game_c++_2019\game_c++_2019\debug\game_c++_2019.tlog\link.5024.delete.1.tlog
d:\мой код\game_c++_2019\game_c++_2019\debug\game_c++_2019.tlog\link.5028.delete.1.tlog
d:\мой код\game_c++_2019\game_c++_2019\debug\game_c++_2019.tlog\link.504.delete.1.tlog
d:\мой код\game_c++_2019\game_c++_2019\debug\game_c++_2019.tlog\link.5156.delete.1.tlog
d:\мой код\game_c++_2019\game_c++_2019\debug\game_c++_2019.tlog\link.5176.delete.1.tlog
d:\мой код\game_c++_2019\game_c++_2019\debug\game_c++_2019.tlog\link.5256.delete.1.tlog
d:\мой код\game_c++_2019\game_c++_2019\debug\game_c++_2019.tlog\link.5268.delete.1.tlog
d:\мой код\game_c++_2019\game_c++_2019\debug\game_c++_2019.tlog\link.5320.delete.1.tlog
d:\мой код\game_c++_2019\game_c++_2019\debug\game_c++_2019.tlog\link.5388.delete.1.tlog
d:\мой код\game_c++_2019\game_c++_2019\debug\game_c++_2019.tlog\link.5424.delete.1.tlog
d:\мой код\game_c++_2019\game_c++_2019\debug\game_c++_2019.tlog\link.5576.delete.1.tlog
d:\мой код\game_c++_2019\game_c++_2019\debug\game_c++_2019.tlog\link.5624.delete.1.tlog
d:\мой код\game_c++_2019\game_c++_2019\debug\game_c++_2019.tlog\link.5784.delete.1.tlog
d:\мой код\game_c++_2019\game_c++_2019\debug\game_c++_2019.tlog\link.5824.delete.1.tlog
d:\мой код\game_c++_2019\game_c++_2019\debug\game_c++_2019.tlog\link.5828.delete.1.tlog
d:\мой код\game_c++_2019\game_c++_2019\debug\game_c++_2019.tlog\link.5876.delete.1.tlog
d:\мой код\game_c++_2019\game_c++_2019\debug\game_c++_2019.tlog\link.5888.delete.1.tlog
d:\мой код\game_c++_2019\game_c++_2019\debug\game_c++_2019.tlog\link.5992.delete.1.tlog
d:\мой код\game_c++_2019\game_c++_2019\debug\game_c++_2019.tlog\link.5996.delete.1.tlog
d:\мой код\game_c++_2019\game_c++_2019\debug\game_c++_2019.tlog\link.6024.delete.1.tlog
d:\мой код\game_c++_2019\game_c++_2019\debug\game_c++_2019.tlog\link.6100.delete.1.tlog
d:\мой код\game_c++_2019\game_c++_2019\debug\game_c++_2019.tlog\link.6136.delete.1.tlog
d:\мой код\game_c++_2019\game_c++_2019\debug\game_c++_2019.tlog\link.6160.delete.1.tlog
d:\мой код\game_c++_2019\game_c++_2019\debug\game_c++_2019.tlog\link.6192.delete.1.tlog
d:\мой код\game_c++_2019\game_c++_2019\debug\game_c++_2019.tlog\link.6228.delete.1.tlog
d:\мой код\game_c++_2019\game_c++_2019\debug\game_c++_2019.tlog\link.6300.delete.1.tlog
d:\мой код\game_c++_2019\game_c++_2019\debug\game_c++_2019.tlog\link.6324.delete.1.tlog
d:\мой код\game_c++_2019\game_c++_2019\debug\game_c++_2019.tlog\link.6332.delete.1.tlog
d:\мой код\game_c++_2019\game_c++_2019\debug\game_c++_2019.tlog\link.6400.delete.1.tlog
d:\мой код\game_c++_2019\game_c++_2019\debug\game_c++_2019.tlog\link.6404.delete.1.tlog
d:\мой код\game_c++_2019\game_c++_2019\debug\game_c++_2019.tlog\link.6460.delete.1.tlog
d:\мой код\game_c++_2019\game_c++_2019\debug\game_c++_2019.tlog\link.6508.delete.1.tlog
d:\мой код\game_c++_2019\game_c++_2019\debug\game_c++_2019.tlog\link.6556.delete.1.tlog
d:\мой код\game_c++_2019\game_c++_2019\debug\game_c++_2019.tlog\link.6564.delete.1.tlog
d:\мой код\game_c++_2019\game_c++_2019\debug\game_c++_2019.tlog\link.6620.delete.1.tlog
d:\мой код\game_c++_2019\game_c++_2019\debug\game_c++_2019.tlog\link.6672.delete.1.tlog
d:\мой код\game_c++_2019\game_c++_2019\debug\game_c++_2019.tlog\link.6712.delete.1.tlog
d:\мой код\game_c++_2019\game_c++_2019\debug\game_c++_2019.tlog\link.6736.delete.1.tlog
d:\мой код\game_c++_2019\game_c++_2019\debug\game_c++_2019.tlog\link.6744.delete.1.tlog
d:\мой код\game_c++_2019\game_c++_2019\debug\game_c++_2019.tlog\link.6780.delete.1.tlog
d:\мой код\game_c++_2019\game_c++_2019\debug\game_c++_2019.tlog\link.6860.delete.1.tlog
d:\мой код\game_c++_2019\game_c++_2019\debug\game_c++_2019.tlog\link.6868.delete.1.tlog
d:\мой код\game_c++_2019\game_c++_2019\debug\game_c++_2019.tlog\link.6916.delete.1.tlog
d:\мой код\game_c++_2019\game_c++_2019\debug\game_c++_2019.tlog\link.6976.delete.1.tlog
d:\мой код\game_c++_2019\game_c++_2019\debug\game_c++_2019.tlog\link.7048.delete.1.tlog
d:\мой код\game_c++_2019\game_c++_2019\debug\game_c++_2019.tlog\link.7088.delete.1.tlog
d:\мой код\game_c++_2019\game_c++_2019\debug\game_c++_2019.tlog\link.7136.delete.1.tlog
d:\мой код\game_c++_2019\game_c++_2019\debug\game_c++_2019.tlog\link.7172.delete.1.tlog
d:\мой код\game_c++_2019\game_c++_2019\debug\game_c++_2019.tlog\link.7200.delete.1.tlog
d:\мой код\game_c++_2019\game_c++_2019\debug\game_c++_2019.tlog\link.7356.delete.1.tlog
d:\мой код\game_c++_2019\game_c++_2019\debug\game_c++_2019.tlog\link.7404.delete.1.tlog
d:\мой код\game_c++_2019\game_c++_2019\debug\game_c++_2019.tlog\link.7540.delete.1.tlog
d:\мой код\game_c++_2019\game_c++_2019\debug\game_c++_2019.tlog\link.760.delete.1.tlog
d:\мой код\game_c++_2019\game_c++_2019\debug\game_c++_2019.tlog\link.7600.delete.1.tlog
d:\мой код\game_c++_2019\game_c++_2019\debug\game_c++_2019.tlog\link.7612.delete.1.tlog
d:\мой код\game_c++_2019\game_c++_2019\debug\game_c++_2019.tlog\link.7708.delete.1.tlog
d:\мой код\game_c++_2019\game_c++_2019\debug\game_c++_2019.tlog\link.7720.delete.1.tlog
d:\мой код\game_c++_2019\game_c++_2019\debug\game_c++_2019.tlog\link.7772.delete.1.tlog
d:\мой код\game_c++_2019\game_c++_2019\debug\game_c++_2019.tlog\link.7816.delete.1.tlog
d:\мой код\game_c++_2019\game_c++_2019\debug\game_c++_2019.tlog\link.7820.delete.1.tlog
d:\мой код\game_c++_2019\game_c++_2019\debug\game_c++_2019.tlog\link.7832.delete.1.tlog
d:\мой код\game_c++_2019\game_c++_2019\debug\game_c++_2019.tlog\link.7968.delete.1.tlog
d:\мой код\game_c++_2019\game_c++_2019\debug\game_c++_2019.tlog\link.8196.delete.1.tlog
d:\мой код\game_c++_2019\game_c++_2019\debug\game_c++_2019.tlog\link.824.delete.1.tlog
d:\мой код\game_c++_2019\game_c++_2019\debug\game_c++_2019.tlog\link.8356.delete.1.tlog
d:\мой код\game_c++_2019\game_c++_2019\debug\game_c++_2019.tlog\link.8360.delete.1.tlog
d:\мой код\game_c++_2019\game_c++_2019\debug\game_c++_2019.tlog\link.8412.delete.1.tlog
d:\мой код\game_c++_2019\game_c++_2019\debug\game_c++_2019.tlog\link.848.delete.1.tlog
d:\мой код\game_c++_2019\game_c++_2019\debug\game_c++_2019.tlog\link.8520.delete.1.tlog
d:\мой код\game_c++_2019\game_c++_2019\debug\game_c++_2019.tlog\link.8548.delete.1.tlog
d:\мой код\game_c++_2019\game_c++_2019\debug\game_c++_2019.tlog\link.8588.delete.1.tlog
d:\мой код\game_c++_2019\game_c++_2019\debug\game_c++_2019.tlog\link.8792.delete.1.tlog
d:\мой код\game_c++_2019\game_c++_2019\debug\game_c++_2019.tlog\link.8812.delete.1.tlog
d:\мой код\game_c++_2019\game_c++_2019\debug\game_c++_2019.tlog\link.8836.delete.1.tlog
d:\мой код\game_c++_2019\game_c++_2019\debug\game_c++_2019.tlog\link.8848.delete.1.tlog
d:\мой код\game_c++_2019\game_c++_2019\debug\game_c++_2019.tlog\link.8852.delete.1.tlog
d:\мой код\game_c++_2019\game_c++_2019\debug\game_c++_2019.tlog\link.8992.delete.1.tlog
d:\мой код\game_c++_2019\game_c++_2019\debug\game_c++_2019.tlog\link.9008.delete.1.tlog
d:\мой код\game_c++_2019\game_c++_2019\debug\game_c++_2019.tlog\link.9112.delete.1.tlog
d:\мой код\game_c++_2019\game_c++_2019\debug\game_c++_2019.tlog\link.9168.delete.1.tlog
d:\мой код\game_c++_2019\game_c++_2019\debug\game_c++_2019.tlog\link.9176.delete.1.tlog
d:\мой код\game_c++_2019\game_c++_2019\debug\game_c++_2019.tlog\link.9248.delete.1.tlog
d:\мой код\game_c++_2019\game_c++_2019\debug\game_c++_2019.tlog\link.9360.delete.1.tlog
d:\мой код\game_c++_2019\game_c++_2019\debug\game_c++_2019.tlog\link.9376.delete.1.tlog
d:\мой код\game_c++_2019\game_c++_2019\debug\game_c++_2019.tlog\link.9400.delete.1.tlog
d:\мой код\game_c++_2019\game_c++_2019\debug\game_c++_2019.tlog\link.9420.delete.1.tlog
d:\мой код\game_c++_2019\game_c++_2019\debug\game_c++_2019.tlog\link.9424.delete.1.tlog
d:\мой код\game_c++_2019\game_c++_2019\debug\game_c++_2019.tlog\link.948.delete.1.tlog
d:\мой код\game_c++_2019\game_c++_2019\debug\game_c++_2019.tlog\link.9584.delete.1.tlog
d:\мой код\game_c++_2019\game_c++_2019\debug\game_c++_2019.tlog\link.9616.delete.1.tlog
d:\мой код\game_c++_2019\game_c++_2019\debug\game_c++_2019.tlog\link.9632.delete.1.tlog
d:\мой код\game_c++_2019\game_c++_2019\debug\game_c++_2019.tlog\link.9652.delete.1.tlog
d:\мой код\game_c++_2019\game_c++_2019\debug\game_c++_2019.tlog\link.9712.delete.1.tlog
d:\мой код\game_c++_2019\game_c++_2019\debug\game_c++_2019.tlog\link.9780.delete.1.tlog
d:\мой код\game_c++_2019\game_c++_2019\debug\game_c++_2019.tlog\link.9868.delete.1.tlog
d:\мой код\game_c++_2019\game_c++_2019\debug\game_c++_2019.tlog\link.9880.delete.1.tlog
d:\мой код\game_c++_2019\game_c++_2019\debug\game_c++_2019.tlog\link.9900.delete.1.tlog
d:\мой код\game_c++_2019\game_c++_2019\debug\game_c++_2019.tlog\link.command.1.tlog
d:\мой код\game_c++_2019\game_c++_2019\debug\game_c++_2019.tlog\link.read.1.tlog
d:\мой код\game_c++_2019\game_c++_2019\debug\game_c++_2019.tlog\link.write.1.tlog
