  Source.cpp
D:\Мой код\freeglut_2018_c++\freeglut_2018_c++\Utilites.h(139,14): warning C4244: инициализация: преобразование "double" в "float", возможна потеря данных
D:\Мой код\freeglut_2018_c++\freeglut_2018_c++\Utilites.h(140,14): warning C4244: инициализация: преобразование "double" в "float", возможна потеря данных
D:\Мой код\freeglut_2018_c++\freeglut_2018_c++\Utilites.h(152,14): warning C4244: инициализация: преобразование "double" в "float", возможна потеря данных
D:\Мой код\freeglut_2018_c++\freeglut_2018_c++\Utilites.h(153,14): warning C4244: инициализация: преобразование "double" в "float", возможна потеря данных
D:\Мой код\freeglut_2018_c++\freeglut_2018_c++\Utilites.h(165,14): warning C4244: инициализация: преобразование "double" в "float", возможна потеря данных
D:\Мой код\freeglut_2018_c++\freeglut_2018_c++\Utilites.h(166,14): warning C4244: инициализация: преобразование "double" в "float", возможна потеря данных
D:\Мой код\freeglut_2018_c++\freeglut_2018_c++\Utilites.h(267,1): warning C4305: =: усечение из "double" в "float"
D:\Мой код\freeglut_2018_c++\freeglut_2018_c++\Utilites.h(268,1): warning C4305: =: усечение из "double" в "float"
D:\Мой код\freeglut_2018_c++\freeglut_2018_c++\Utilites.h(289,1): warning C4244: +=: преобразование "double" в "float", возможна потеря данных
D:\Мой код\freeglut_2018_c++\freeglut_2018_c++\Utilites.h(290,1): warning C4244: +=: преобразование "double" в "float", возможна потеря данных
D:\Мой код\freeglut_2018_c++\freeglut_2018_c++\Utilites.h(291,1): warning C4244: +=: преобразование "double" в "float", возможна потеря данных
D:\Мой код\freeglut_2018_c++\freeglut_2018_c++\Utilites.h(293,1): warning C4244: +=: преобразование "double" в "float", возможна потеря данных
D:\Мой код\freeglut_2018_c++\freeglut_2018_c++\Utilites.h(294,1): warning C4244: +=: преобразование "double" в "float", возможна потеря данных
D:\Мой код\freeglut_2018_c++\freeglut_2018_c++\Source.cpp(64,14): warning C4244: инициализация: преобразование "int" в "float", возможна потеря данных
Source.obj : error LNK2019: ссылка на неразрешенный внешний символ __imp_glutInitWindowPosition в функции main
Source.obj : error LNK2019: ссылка на неразрешенный внешний символ __imp_glutInitWindowSize в функции main
Source.obj : error LNK2019: ссылка на неразрешенный внешний символ __imp_glutInitDisplayMode в функции main
Source.obj : error LNK2019: ссылка на неразрешенный внешний символ __imp_glutMainLoop в функции main
Source.obj : error LNK2019: ссылка на неразрешенный внешний символ __imp_glutPostRedisplay в функции "void __cdecl update(int)" (?update@@YAXH@Z)
Source.obj : error LNK2019: ссылка на неразрешенный внешний символ __imp_glutSwapBuffers в функции "void __cdecl render(void)" (?render@@YAXXZ)
Source.obj : error LNK2019: ссылка на неразрешенный внешний символ __imp_glutWarpPointer в функции "public: void __cdecl camera::draw(void)" (?draw@camera@@QEAAXXZ)
Source.obj : error LNK2019: ссылка на неразрешенный внешний символ __imp_glutSetCursor в функции "public: void __cdecl camera::draw(void)" (?draw@camera@@QEAAXXZ)
Source.obj : error LNK2019: ссылка на неразрешенный внешний символ __imp_glutTimerFunc в функции "void __cdecl update(int)" (?update@@YAXH@Z)
Source.obj : error LNK2019: ссылка на неразрешенный внешний символ __imp_glutKeyboardFunc в функции main
Source.obj : error LNK2019: ссылка на неразрешенный внешний символ __imp_glutSpecialFunc в функции main
Source.obj : error LNK2019: ссылка на неразрешенный внешний символ __imp_glutReshapeFunc в функции main
Source.obj : error LNK2019: ссылка на неразрешенный внешний символ __imp_glutDisplayFunc в функции main
Source.obj : error LNK2019: ссылка на неразрешенный внешний символ __imp_glutMouseFunc в функции main
Source.obj : error LNK2019: ссылка на неразрешенный внешний символ __imp_glutMotionFunc в функции main
Source.obj : error LNK2019: ссылка на неразрешенный внешний символ __imp_glutPassiveMotionFunc в функции main
Source.obj : error LNK2019: ссылка на неразрешенный внешний символ __imp_glutKeyboardUpFunc в функции main
Source.obj : error LNK2019: ссылка на неразрешенный внешний символ __imp_glutSpecialUpFunc в функции main
Source.obj : error LNK2019: ссылка на неразрешенный внешний символ __imp_glutIgnoreKeyRepeat в функции main
Source.obj : error LNK2019: ссылка на неразрешенный внешний символ __imp___glutInitWithExit в функции glutInit_ATEXIT_HACK
Source.obj : error LNK2019: ссылка на неразрешенный внешний символ __imp___glutCreateWindowWithExit в функции glutCreateWindow_ATEXIT_HACK
freeglut.lib : warning LNK4272: тип компьютера библиотеки "x86" конфликтует с типом целевого компьютера "x64"
D:\Мой код\freeglut_2018_c++\x64\Debug\freeglut_2018_c++.exe : fatal error LNK1120: неразрешенных внешних элементов: 21
