Сборка начата 10.11.2015 20:58:27.
     1>Проект "C:\Users\Вова\Documents\Мой код\Game_Romb\Game_Romb\Game_Romb.vcxproj" в узле 2 (целевые объекты Build).
     1>Link:
         C:\Program Files (x86)\Microsoft Visual Studio 14.0\VC\bin\link.exe /ERRORREPORT:PROMPT /OUT:"C:\Users\Вова\Documents\Мой код\Game_Romb\Release\Game_Romb.exe" /INCREMENTAL:NO /NOLOGO kernel32.lib user32.lib gdi32.lib winspool.lib comdlg32.lib advapi32.lib shell32.lib ole32.lib oleaut32.lib uuid.lib odbc32.lib odbccp32.lib /MANIFEST /MANIFESTUAC:"level='asInvoker' uiAccess='false'" /manifest:embed /Debug /PDB:"C:\Users\Вова\Documents\Мой код\Game_Romb\Release\Game_Romb.pdb" /SUBSYSTEM:CONSOLE /OPT:REF /OPT:ICF /LTCG:incremental /TLBID:1 /DYNAMICBASE /NXCOMPAT /IMPLIB:"C:\Users\Вова\Documents\Мой код\Game_Romb\Release\Game_Romb.lib" /MACHINE:X86 /SAFESEH Release\enemy.obj
         Release\entity.obj
         Release\figure.obj
         Release\manager_game.obj
         Release\Menu.obj
         Release\player.obj
         Release\renderer.obj
         Release\Source.obj
         Release\table.obj
         Создание кода
         0 of 267 functions ( 0.0%) were compiled, the rest were copied from previous compilation.
           0 functions were new in current compilation
           0 functions had inline decision re-evaluated but remain unchanged
         Создание кода завершено
         Game_Romb.vcxproj -> C:\Users\Вова\Documents\Мой код\Game_Romb\Release\Game_Romb.exe
     1>Сборка проекта "C:\Users\Вова\Documents\Мой код\Game_Romb\Game_Romb\Game_Romb.vcxproj" завершена (целевые объекты Build).

Сборка успешно завершена.

Затраченное время: 00:00:00.84
