c:\users\вова\documents\мой код\game_romb\game_romb\release\vc140.pdb
c:\users\вова\documents\мой код\game_romb\game_romb\release\table.obj
c:\users\вова\documents\мой код\game_romb\game_romb\release\source.obj
c:\users\вова\documents\мой код\game_romb\game_romb\release\renderer.obj
c:\users\вова\documents\мой код\game_romb\game_romb\release\player.obj
c:\users\вова\documents\мой код\game_romb\game_romb\release\menu.obj
c:\users\вова\documents\мой код\game_romb\game_romb\release\manager_game.obj
c:\users\вова\documents\мой код\game_romb\game_romb\release\figure.obj
c:\users\вова\documents\мой код\game_romb\game_romb\release\entity.obj
c:\users\вова\documents\мой код\game_romb\game_romb\release\enemy.obj
c:\users\вова\documents\мой код\game_romb\release\game_romb.exe
c:\users\вова\documents\мой код\game_romb\release\game_romb.ipdb
c:\users\вова\documents\мой код\game_romb\release\game_romb.iobj
c:\users\вова\documents\мой код\game_romb\release\game_romb.pdb
c:\users\вова\documents\мой код\game_romb\game_romb\release\game_romb.tlog\cl.command.1.tlog
c:\users\вова\documents\мой код\game_romb\game_romb\release\game_romb.tlog\cl.read.1.tlog
c:\users\вова\documents\мой код\game_romb\game_romb\release\game_romb.tlog\cl.write.1.tlog
c:\users\вова\documents\мой код\game_romb\game_romb\release\game_romb.tlog\link.command.1.tlog
c:\users\вова\documents\мой код\game_romb\game_romb\release\game_romb.tlog\link.read.1.tlog
c:\users\вова\documents\мой код\game_romb\game_romb\release\game_romb.tlog\link.write.1.tlog
